6828 decimal is 15254 octal!
 end = f03cbea8 
Physical memory: 1114108K available, base = 640K, extended = 1113084K
maxpa = 43fff000, Pages available : 278527 
 Count of free pages: 276862
check_page_alloc() succeeded!
enabled interrupts: 1 2 4
	     Setup timer interrupts via 8259A
enabled interrupts: 0 1 2 4
	     unmasked timer interrupt
PCI: 00:00.0: 8086:1237: class: 6.0 (Bridge device) irq: 0
PCI: 00:01.0: 8086:7000: class: 6.1 (Bridge device) irq: 0
PCI: 00:01.1: 8086:7010: class: 1.1 (Storage controller) irq: 0
PCI: 00:01.3: 8086:7113: class: 6.80 (Bridge device) irq: 9
PCI: 00:02.0: 1013:00b8: class: 3.0 (Display controller) irq: 0
PCI: 00:03.0: 8086:1209: class: 2.0 (Network controller) irq: 11
  mem region 0: 4096 bytes at 0xe2020000
  io region 1: 64 bytes at 0xc040
  mem region 2: 131072 bytes at 0xe2040000
PCI function 00:03.0 (8086:1209) enabled
[00000000] new env 00001000
[00000000] new env 00001001
[00000000] new env 00001002
[00000000] new env 00001003
FS is running
FS can do I/O
Device 1 presence: 1
block cache is good
superblock is good
bitmap is good
alloc_block is good
file_open is good
file_get_block is good
file_flush is good
file_truncate is good
file rewrite is good
[00001002] new env 00001004
[00001002] new env 00001005
[00001002] new env 00001006
[00001003] new env 00001007
2
[00001007] new env 00001008
3
[00001008] new env 00001009
5
[00001009] new env 0000100a
7
[0000100a] new env 0000100b
ns: 52:54:00:12:34:56 bound to static IP 10.0.2.15
NS: TCP/IP initialized.
11
[0000100b] new env 0000100c
13
[0000100c] new env 0000100d
17
[0000100d] new env 0000100e
19
[0000100e] new env 0000100f
23
[0000100f] new env 00001010
29
[00001010] new env 00001011
31
[00001011] new env 00001012
37
[00001012] new env 00001013
41
[00001013] new env 00001014
43
[00001014] new env 00001015
47
[00001015] new env 00001016
53
[00001016] new env 00001017
59
[00001017] new env 00001018
61
[00001018] new env 00001019
67
[00001019] new env 0000101a
71
[0000101a] new env 0000101b
73
[0000101b] new env 0000101c
79
[0000101c] new env 0000101d
83
[0000101d] new env 0000101e
89
[0000101e] new env 0000101f
97
[0000101f] new env 00001020
101
[00001020] new env 00001021
103
[00001021] new env 00001022
107
[00001022] new env 00001023
109
[00001023] new env 00001024
113
[00001024] new env 00001025
127
[00001025] new env 00001026
131
[00001026] new env 00001027
137
[00001027] new env 00001028
139
[00001028] new env 00001029
149
[00001029] new env 0000102a
151
[0000102a] new env 0000102b
157
[0000102b] new env 0000102c
163
[0000102c] new env 0000102d
167
[0000102d] new env 0000102e
173
[0000102e] new env 0000102f
179
[0000102f] new env 00001030
181
[00001030] new env 00001031
191
[00001031] new env 00001032
193
[00001032] new env 00001033
197
[00001033] new env 00001034
199
[00001034] new env 00001035
211
[00001035] new env 00001036
223
[00001036] new env 00001037
227
[00001037] new env 00001038
229
[00001038] new env 00001039
233
[00001039] new env 0000103a
239
[0000103a] new env 0000103b
241
[0000103b] new env 0000103c
251
[0000103c] new env 0000103d
257
[0000103d] new env 0000103e
263
[0000103e] new env 0000103f
269
[0000103f] new env 00001040
271
[00001040] new env 00001041
277
[00001041] new env 00001042
281
[00001042] new env 00001043
283
[00001043] new env 00001044
293
[00001044] new env 00001045
307
[00001045] new env 00001046
311
[00001046] new env 00001047
313
[00001047] new env 00001048
317
[00001048] new env 00001049
331
[00001049] new env 0000104a
337
[0000104a] new env 0000104b
347
[0000104b] new env 0000104c
349
[0000104c] new env 0000104d
353
[0000104d] new env 0000104e
359
[0000104e] new env 0000104f
367
[0000104f] new env 00001050
373
[00001050] new env 00001051
379
[00001051] new env 00001052
383
[00001052] new env 00001053
389
[00001053] new env 00001054
397
[00001054] new env 00001055
401
[00001055] new env 00001056
409
[00001056] new env 00001057
419
[00001057] new env 00001058
421
[00001058] new env 00001059
431
[00001059] new env 0000105a
433
[0000105a] new env 0000105b
439
[0000105b] new env 0000105c
443
[0000105c] new env 0000105d
449
[0000105d] new env 0000105e
457
[0000105e] new env 0000105f
461
[0000105f] new env 00001060
463
[00001060] new env 00001061
467
[00001061] new env 00001062
479
[00001062] new env 00001063
487
[00001063] new env 00001064
491
[00001064] new env 00001065
499
[00001065] new env 00001066
503
[00001066] new env 00001067
509
[00001067] new env 00001068
521
[00001068] new env 00001069
523
[00001069] new env 0000106a
541
[0000106a] new env 0000106b
547
[0000106b] new env 0000106c
557
[0000106c] new env 0000106d
563
[0000106d] new env 0000106e
569
[0000106e] new env 0000106f
571
[0000106f] new env 00001070
577
[00001070] new env 00001071
587
[00001071] new env 00001072
593
[00001072] new env 00001073
599
[00001073] new env 00001074
601
[00001074] new env 00001075
607
[00001075] new env 00001076
613
[00001076] new env 00001077
617
[00001077] new env 00001078
619
[00001078] new env 00001079
631
[00001079] new env 0000107a
641
[0000107a] new env 0000107b
643
[0000107b] new env 0000107c
647
[0000107c] new env 0000107d
653
[0000107d] new env 0000107e
659
[0000107e] new env 0000107f
661
[0000107f] new env 00001080
673
[00001080] new env 00001081
677
[00001081] new env 00001082
683
[00001082] new env 00001083
691
[00001083] new env 00001084
701
[00001084] new env 00001085
709
[00001085] new env 00001086
719
[00001086] new env 00001087
727
[00001087] new env 00001088
733
[00001088] new env 00001089
739
[00001089] new env 0000108a
743
[0000108a] new env 0000108b
751
[0000108b] new env 0000108c
757
[0000108c] new env 0000108d
761
[0000108d] new env 0000108e
769
[0000108e] new env 0000108f
773
[0000108f] new env 00001090
787
[00001090] new env 00001091
797
[00001091] new env 00001092
809
[00001092] new env 00001093
811
[00001093] new env 00001094
821
[00001094] new env 00001095
823
[00001095] new env 00001096
827
[00001096] new env 00001097
829
[00001097] new env 00001098
839
[00001098] new env 00001099
853
[00001099] new env 0000109a
857
[0000109a] new env 0000109b
859
[0000109b] new env 0000109c
863
[0000109c] new env 0000109d
877
[0000109d] new env 0000109e
881
[0000109e] new env 0000109f
883
[0000109f] new env 000010a0
887
[000010a0] new env 000010a1
907
[000010a1] new env 000010a2
911
[000010a2] new env 000010a3
919
[000010a3] new env 000010a4
929
[000010a4] new env 000010a5
937
[000010a5] new env 000010a6
941
[000010a6] new env 000010a7
947
[000010a7] new env 000010a8
953
[000010a8] new env 000010a9
967
[000010a9] new env 000010aa
971
[000010aa] new env 000010ab
977
[000010ab] new env 000010ac
983
[000010ac] new env 000010ad
991
[000010ad] new env 000010ae
997
[000010ae] new env 000010af
1009
[000010af] new env 000010b0
1013
[000010b0] new env 000010b1
1019
[000010b1] new env 000010b2
1021
[000010b2] new env 000010b3
1031
[000010b3] new env 000010b4
1033
[000010b4] new env 000010b5
1039
[000010b5] new env 000010b6
1049
[000010b6] new env 000010b7
1051
[000010b7] new env 000010b8
1061
[000010b8] new env 000010b9
1063
[000010b9] new env 000010ba
1069
[000010ba] new env 000010bb
1087
[000010bb] new env 000010bc
1091
[000010bc] new env 000010bd
1093
[000010bd] new env 000010be
1097
[000010be] new env 000010bf
1103
[000010bf] new env 000010c0
1109
[000010c0] new env 000010c1
1117
[000010c1] new env 000010c2
1123
[000010c2] new env 000010c3
1129
[000010c3] new env 000010c4
1151
[000010c4] new env 000010c5
1153
[000010c5] new env 000010c6
1163
[000010c6] new env 000010c7
1171
[000010c7] new env 000010c8
1181
[000010c8] new env 000010c9
1187
[000010c9] new env 000010ca
1193
[000010ca] new env 000010cb
1201
[000010cb] new env 000010cc
1213
[000010cc] new env 000010cd
1217
[000010cd] new env 000010ce
1223
[000010ce] new env 000010cf
1229
[000010cf] new env 000010d0
1231
[000010d0] new env 000010d1
1237
[000010d1] new env 000010d2
1249
[000010d2] new env 000010d3
1259
[000010d3] new env 000010d4
1277
[000010d4] new env 000010d5
1279
[000010d5] new env 000010d6
1283
[000010d6] new env 000010d7
1289
[000010d7] new env 000010d8
1291
[000010d8] new env 000010d9
1297
[000010d9] new env 000010da
1301
[000010da] new env 000010db
1303
[000010db] new env 000010dc
1307
[000010dc] new env 000010dd
1319
[000010dd] new env 000010de
1321
[000010de] new env 000010df
1327
[000010df] new env 000010e0
1361
[000010e0] new env 000010e1
1367
[000010e1] new env 000010e2
1373
[000010e2] new env 000010e3
1381
[000010e3] new env 000010e4
1399
[000010e4] new env 000010e5
1409
[000010e5] new env 000010e6
1423
[000010e6] new env 000010e7
1427
[000010e7] new env 000010e8
1429
[000010e8] new env 000010e9
1433
[000010e9] new env 000010ea
1439
[000010ea] new env 000010eb
1447
[000010eb] new env 000010ec
1451
[000010ec] new env 000010ed
1453
[000010ed] new env 000010ee
1459
[000010ee] new env 000010ef
1471
[000010ef] new env 000010f0
1481
[000010f0] new env 000010f1
1483
[000010f1] new env 000010f2
1487
[000010f2] new env 000010f3
1489
[000010f3] new env 000010f4
1493
[000010f4] new env 000010f5
1499
[000010f5] new env 000010f6
1511
[000010f6] new env 000010f7
1523
[000010f7] new env 000010f8
1531
[000010f8] new env 000010f9
1543
[000010f9] new env 000010fa
1549
[000010fa] new env 000010fb
1553
[000010fb] new env 000010fc
1559
[000010fc] new env 000010fd
1567
[000010fd] new env 000010fe
1571
[000010fe] new env 000010ff
1579
[000010ff] new env 00001100
1583
[00001100] new env 00001101
1597
[00001101] new env 00001102
1601
[00001102] new env 00001103
1607
[00001103] new env 00001104
1609
[00001104] new env 00001105
1613
[00001105] new env 00001106
1619
[00001106] new env 00001107
1621
[00001107] new env 00001108
1627
[00001108] new env 00001109
1637
[00001109] new env 0000110a
1657
[0000110a] new env 0000110b
1663
[0000110b] new env 0000110c
1667
[0000110c] new env 0000110d
1669
[0000110d] new env 0000110e
1693
[0000110e] new env 0000110f
1697
[0000110f] new env 00001110
1699
[00001110] new env 00001111
1709
[00001111] new env 00001112
1721
[00001112] new env 00001113
1723
[00001113] new env 00001114
1733
[00001114] new env 00001115
1741
[00001115] new env 00001116
1747
[00001116] new env 00001117
1753
[00001117] new env 00001118
1759
[00001118] new env 00001119
1777
[00001119] new env 0000111a
1783
[0000111a] new env 0000111b
1787
[0000111b] new env 0000111c
1789
[0000111c] new env 0000111d
1801
[0000111d] new env 0000111e
1811
[0000111e] new env 0000111f
1823
[0000111f] new env 00001120
1831
[00001120] new env 00001121
1847
[00001121] new env 00001122
1861
[00001122] new env 00001123
1867
[00001123] new env 00001124
1871
[00001124] new env 00001125
1873
[00001125] new env 00001126
1877
[00001126] new env 00001127
1879
[00001127] new env 00001128
1889
[00001128] new env 00001129
1901
[00001129] new env 0000112a
1907
[0000112a] new env 0000112b
1913
[0000112b] new env 0000112c
1931
[0000112c] new env 0000112d
1933
[0000112d] new env 0000112e
1949
[0000112e] new env 0000112f
1951
[0000112f] new env 00001130
1973
[00001130] new env 00001131
1979
[00001131] new env 00001132
1987
[00001132] new env 00001133
1993
[00001133] new env 00001134
1997
[00001134] new env 00001135
1999
[00001135] new env 00001136
2003
[00001136] new env 00001137
2011
[00001137] new env 00001138
2017
[00001138] new env 00001139
2027
[00001139] new env 0000113a
2029
[0000113a] new env 0000113b
2039
[0000113b] new env 0000113c
2053
[0000113c] new env 0000113d
2063
[0000113d] new env 0000113e
2069
[0000113e] new env 0000113f
2081
[0000113f] new env 00001140
2083
[00001140] new env 00001141
2087
[00001141] new env 00001142
2089
[00001142] new env 00001143
2099
[00001143] new env 00001144
2111
[00001144] new env 00001145
2113
[00001145] new env 00001146
2129
[00001146] new env 00001147
2131
[00001147] new env 00001148
2137
[00001148] new env 00001149
2141
[00001149] new env 0000114a
2143
[0000114a] new env 0000114b
2153
[0000114b] new env 0000114c
2161
[0000114c] new env 0000114d
2179
[0000114d] new env 0000114e
2203
[0000114e] new env 0000114f
2207
[0000114f] new env 00001150
2213
[00001150] new env 00001151
2221
[00001151] new env 00001152
2237
[00001152] new env 00001153
2239
[00001153] new env 00001154
2243
[00001154] new env 00001155
2251
[00001155] new env 00001156
2267
[00001156] new env 00001157
2269
[00001157] new env 00001158
2273
[00001158] new env 00001159
2281
[00001159] new env 0000115a
2287
[0000115a] new env 0000115b
2293
[0000115b] new env 0000115c
2297
[0000115c] new env 0000115d
2309
[0000115d] new env 0000115e
2311
[0000115e] new env 0000115f
2333
[0000115f] new env 00001160
2339
[00001160] new env 00001161
2341
[00001161] new env 00001162
2347
[00001162] new env 00001163
2351
[00001163] new env 00001164
2357
[00001164] new env 00001165
2371
[00001165] new env 00001166
2377
[00001166] new env 00001167
2381
[00001167] new env 00001168
2383
[00001168] new env 00001169
2389
[00001169] new env 0000116a
2393
[0000116a] new env 0000116b
2399
[0000116b] new env 0000116c
2411
[0000116c] new env 0000116d
2417
[0000116d] new env 0000116e
2423
[0000116e] new env 0000116f
2437
[0000116f] new env 00001170
2441
[00001170] new env 00001171
2447
[00001171] new env 00001172
2459
[00001172] new env 00001173
2467
[00001173] new env 00001174
2473
[00001174] new env 00001175
2477
[00001175] new env 00001176
2503
[00001176] new env 00001177
2521
[00001177] new env 00001178
2531
[00001178] new env 00001179
2539
[00001179] new env 0000117a
2543
[0000117a] new env 0000117b
2549
[0000117b] new env 0000117c
2551
[0000117c] new env 0000117d
2557
[0000117d] new env 0000117e
2579
[0000117e] new env 0000117f
2591
[0000117f] new env 00001180
2593
[00001180] new env 00001181
2609
[00001181] new env 00001182
2617
[00001182] new env 00001183
2621
[00001183] new env 00001184
2633
[00001184] new env 00001185
2647
[00001185] new env 00001186
2657
[00001186] new env 00001187
2659
[00001187] new env 00001188
2663
[00001188] new env 00001189
2671
[00001189] new env 0000118a
2677
[0000118a] new env 0000118b
2683
[0000118b] new env 0000118c
2687
[0000118c] new env 0000118d
2689
[0000118d] new env 0000118e
2693
[0000118e] new env 0000118f
2699
[0000118f] new env 00001190
2707
[00001190] new env 00001191
2711
[00001191] new env 00001192
2713
[00001192] new env 00001193
2719
[00001193] new env 00001194
2729
[00001194] new env 00001195
2731
[00001195] new env 00001196
2741
[00001196] new env 00001197
2749
[00001197] new env 00001198
2753
[00001198] new env 00001199
2767
[00001199] new env 0000119a
2777
[0000119a] new env 0000119b
2789
[0000119b] new env 0000119c
2791
[0000119c] new env 0000119d
2797
[0000119d] new env 0000119e
2801
[0000119e] new env 0000119f
2803
[0000119f] new env 000011a0
2819
[000011a0] new env 000011a1
2833
[000011a1] new env 000011a2
2837
[000011a2] new env 000011a3
2843
[000011a3] new env 000011a4
2851
[000011a4] new env 000011a5
2857
[000011a5] new env 000011a6
2861
[000011a6] new env 000011a7
2879
[000011a7] new env 000011a8
2887
[000011a8] new env 000011a9
2897
[000011a9] new env 000011aa
2903
[000011aa] new env 000011ab
2909
[000011ab] new env 000011ac
2917
[000011ac] new env 000011ad
2927
[000011ad] new env 000011ae
2939
[000011ae] new env 000011af
2953
[000011af] new env 000011b0
2957
[000011b0] new env 000011b1
2963
[000011b1] new env 000011b2
2969
[000011b2] new env 000011b3
2971
[000011b3] new env 000011b4
2999
[000011b4] new env 000011b5
3001
[000011b5] new env 000011b6
3011
[000011b6] new env 000011b7
3019
[000011b7] new env 000011b8
3023
[000011b8] new env 000011b9
3037
[000011b9] new env 000011ba
3041
[000011ba] new env 000011bb
3049
[000011bb] new env 000011bc
3061
[000011bc] new env 000011bd
3067
[000011bd] new env 000011be
3079
[000011be] new env 000011bf
3083
[000011bf] new env 000011c0
3089
[000011c0] new env 000011c1
3109
[000011c1] new env 000011c2
3119
[000011c2] new env 000011c3
3121
[000011c3] new env 000011c4
3137
[000011c4] new env 000011c5
3163
[000011c5] new env 000011c6
3167
[000011c6] new env 000011c7
3169
[000011c7] new env 000011c8
3181
[000011c8] new env 000011c9
3187
[000011c9] new env 000011ca
3191
[000011ca] new env 000011cb
3203
[000011cb] new env 000011cc
3209
[000011cc] new env 000011cd
3217
[000011cd] new env 000011ce
3221
[000011ce] new env 000011cf
3229
[000011cf] new env 000011d0
3251
[000011d0] new env 000011d1
3253
[000011d1] new env 000011d2
3257
[000011d2] new env 000011d3
3259
[000011d3] new env 000011d4
3271
[000011d4] new env 000011d5
3299
[000011d5] new env 000011d6
3301
[000011d6] new env 000011d7
3307
[000011d7] new env 000011d8
3313
[000011d8] new env 000011d9
3319
[000011d9] new env 000011da
3323
[000011da] new env 000011db
3329
[000011db] new env 000011dc
3331
[000011dc] new env 000011dd
3343
[000011dd] new env 000011de
3347
[000011de] new env 000011df
3359
[000011df] new env 000011e0
3361
[000011e0] new env 000011e1
3371
[000011e1] new env 000011e2
3373
[000011e2] new env 000011e3
3389
[000011e3] new env 000011e4
3391
[000011e4] new env 000011e5
3407
[000011e5] new env 000011e6
3413
[000011e6] new env 000011e7
3433
[000011e7] new env 000011e8
3449
[000011e8] new env 000011e9
3457
[000011e9] new env 000011ea
3461
[000011ea] new env 000011eb
3463
[000011eb] new env 000011ec
3467
[000011ec] new env 000011ed
3469
[000011ed] new env 000011ee
3491
[000011ee] new env 000011ef
3499
[000011ef] new env 000011f0
3511
[000011f0] new env 000011f1
3517
[000011f1] new env 000011f2
3527
[000011f2] new env 000011f3
3529
[000011f3] new env 000011f4
3533
[000011f4] new env 000011f5
3539
[000011f5] new env 000011f6
3541
[000011f6] new env 000011f7
3547
[000011f7] new env 000011f8
3557
[000011f8] new env 000011f9
3559
[000011f9] new env 000011fa
3571
[000011fa] new env 000011fb
3581
[000011fb] new env 000011fc
3583
[000011fc] new env 000011fd
3593
[000011fd] new env 000011fe
3607
[000011fe] new env 000011ff
3613
[000011ff] new env 00001200
3617
[00001200] new env 00001201
3623
[00001201] new env 00001202
3631
[00001202] new env 00001203
3637
[00001203] new env 00001204
3643
[00001204] new env 00001205
3659
[00001205] new env 00001206
3671
[00001206] new env 00001207
3673
[00001207] new env 00001208
3677
[00001208] new env 00001209
3691
[00001209] new env 0000120a
3697
[0000120a] new env 0000120b
3701
[0000120b] new env 0000120c
3709
[0000120c] new env 0000120d
3719
[0000120d] new env 0000120e
3727
[0000120e] new env 0000120f
3733
[0000120f] new env 00001210
3739
[00001210] new env 00001211
3761
[00001211] new env 00001212
3767
[00001212] new env 00001213
3769
[00001213] new env 00001214
3779
[00001214] new env 00001215
3793
[00001215] new env 00001216
3797
[00001216] new env 00001217
3803
[00001217] new env 00001218
3821
[00001218] new env 00001219
3823
[00001219] new env 0000121a
3833
[0000121a] new env 0000121b
3847
[0000121b] new env 0000121c
3851
[0000121c] new env 0000121d
3853
[0000121d] new env 0000121e
3863
[0000121e] new env 0000121f
3877
[0000121f] new env 00001220
3881
[00001220] new env 00001221
3889
[00001221] new env 00001222
3907
[00001222] new env 00001223
3911
[00001223] new env 00001224
3917
[00001224] new env 00001225
3919
[00001225] new env 00001226
3923
[00001226] new env 00001227
3929
[00001227] new env 00001228
3931
[00001228] new env 00001229
3943
[00001229] new env 0000122a
3947
[0000122a] new env 0000122b
3967
[0000122b] new env 0000122c
3989
[0000122c] new env 0000122d
4001
[0000122d] new env 0000122e
4003
[0000122e] new env 0000122f
4007
[0000122f] new env 00001230
4013
[00001230] new env 00001231
4019
[00001231] new env 00001232
4021
[00001232] new env 00001233
4027
[00001233] new env 00001234
4049
[00001234] new env 00001235
4051
[00001235] new env 00001236
4057
[00001236] new env 00001237
4073
[00001237] new env 00001238
4079
[00001238] new env 00001239
4091
[00001239] new env 0000123a
4093
[0000123a] new env 0000123b
4099
[0000123b] new env 0000123c
4111
[0000123c] new env 0000123d
4127
[0000123d] new env 0000123e
4129
[0000123e] new env 0000123f
4133
[0000123f] new env 00001240
4139
[00001240] new env 00001241
4153
[00001241] new env 00001242
4157
[00001242] new env 00001243
4159
[00001243] new env 00001244
4177
[00001244] new env 00001245
4201
[00001245] new env 00001246
4211
[00001246] new env 00001247
4217
[00001247] new env 00001248
4219
[00001248] new env 00001249
4229
[00001249] new env 0000124a
4231
[0000124a] new env 0000124b
4241
[0000124b] new env 0000124c
4243
[0000124c] new env 0000124d
4253
[0000124d] new env 0000124e
4259
[0000124e] new env 0000124f
4261
[0000124f] new env 00001250
4271
[00001250] new env 00001251
4273
[00001251] new env 00001252
4283
[00001252] new env 00001253
4289
[00001253] new env 00001254
4297
[00001254] new env 00001255
4327
[00001255] new env 00001256
4337
[00001256] new env 00001257
4339
[00001257] new env 00001258
4349
[00001258] new env 00001259
4357
[00001259] new env 0000125a
4363
[0000125a] new env 0000125b
4373
[0000125b] new env 0000125c
4391
[0000125c] new env 0000125d
4397
[0000125d] new env 0000125e
4409
[0000125e] new env 0000125f
4421
[0000125f] new env 00001260
4423
[00001260] new env 00001261
4441
[00001261] new env 00001262
4447
[00001262] new env 00001263
4451
[00001263] new env 00001264
4457
[00001264] new env 00001265
4463
[00001265] new env 00001266
4481
[00001266] new env 00001267
4483
[00001267] new env 00001268
4493
[00001268] new env 00001269
4507
[00001269] new env 0000126a
4513
[0000126a] new env 0000126b
4517
[0000126b] new env 0000126c
4519
[0000126c] new env 0000126d
4523
[0000126d] new env 0000126e
4547
[0000126e] new env 0000126f
4549
[0000126f] new env 00001270
4561
[00001270] new env 00001271
4567
[00001271] new env 00001272
4583
[00001272] new env 00001273
4591
[00001273] new env 00001274
4597
[00001274] new env 00001275
4603
[00001275] new env 00001276
4621
[00001276] new env 00001277
4637
[00001277] new env 00001278
4639
[00001278] new env 00001279
4643
[00001279] new env 0000127a
4649
[0000127a] new env 0000127b
4651
[0000127b] new env 0000127c
4657
[0000127c] new env 0000127d
4663
[0000127d] new env 0000127e
4673
[0000127e] new env 0000127f
4679
[0000127f] new env 00001280
4691
[00001280] new env 00001281
4703
[00001281] new env 00001282
4721
[00001282] new env 00001283
4723
[00001283] new env 00001284
4729
[00001284] new env 00001285
4733
[00001285] new env 00001286
4751
[00001286] new env 00001287
4759
[00001287] new env 00001288
4783
[00001288] new env 00001289
4787
[00001289] new env 0000128a
4789
[0000128a] new env 0000128b
4793
[0000128b] new env 0000128c
4799
[0000128c] new env 0000128d
4801
[0000128d] new env 0000128e
4813
[0000128e] new env 0000128f
4817
[0000128f] new env 00001290
4831
[00001290] new env 00001291
4861
[00001291] new env 00001292
4871
[00001292] new env 00001293
4877
[00001293] new env 00001294
4889
[00001294] new env 00001295
4903
[00001295] new env 00001296
4909
[00001296] new env 00001297
4919
[00001297] new env 00001298
4931
[00001298] new env 00001299
4933
[00001299] new env 0000129a
4937
[0000129a] new env 0000129b
4943
[0000129b] new env 0000129c
4951
[0000129c] new env 0000129d
4957
[0000129d] new env 0000129e
4967
[0000129e] new env 0000129f
4969
[0000129f] new env 000012a0
4973
[000012a0] new env 000012a1
4987
[000012a1] new env 000012a2
4993
[000012a2] new env 000012a3
4999
[000012a3] new env 000012a4
5003
[000012a4] new env 000012a5
5009
[000012a5] new env 000012a6
5011
[000012a6] new env 000012a7
5021
[000012a7] new env 000012a8
5023
[000012a8] new env 000012a9
5039
[000012a9] new env 000012aa
5051
[000012aa] new env 000012ab
5059
[000012ab] new env 000012ac
5077
[000012ac] new env 000012ad
5081
[000012ad] new env 000012ae
5087
[000012ae] new env 000012af
5099
[000012af] new env 000012b0
5101
[000012b0] new env 000012b1
5107
[000012b1] new env 000012b2
5113
[000012b2] new env 000012b3
5119
[000012b3] new env 000012b4
5147
[000012b4] new env 000012b5
5153
[000012b5] new env 000012b6
5167
[000012b6] new env 000012b7
5171
[000012b7] new env 000012b8
5179
[000012b8] new env 000012b9
5189
[000012b9] new env 000012ba
5197
[000012ba] new env 000012bb
5209
[000012bb] new env 000012bc
5227
[000012bc] new env 000012bd
5231
[000012bd] new env 000012be
5233
[000012be] new env 000012bf
5237
[000012bf] new env 000012c0
5261
[000012c0] new env 000012c1
5273
[000012c1] new env 000012c2
5279
[000012c2] new env 000012c3
5281
[000012c3] new env 000012c4
5297
[000012c4] new env 000012c5
5303
[000012c5] new env 000012c6
5309
[000012c6] new env 000012c7
5323
[000012c7] new env 000012c8
5333
[000012c8] new env 000012c9
5347
[000012c9] new env 000012ca
5351
[000012ca] new env 000012cb
5381
[000012cb] new env 000012cc
5387
[000012cc] new env 000012cd
5393
[000012cd] new env 000012ce
5399
[000012ce] new env 000012cf
5407
[000012cf] new env 000012d0
5413
[000012d0] new env 000012d1
5417
[000012d1] new env 000012d2
5419
[000012d2] new env 000012d3
5431
[000012d3] new env 000012d4
5437
[000012d4] new env 000012d5
5441
[000012d5] new env 000012d6
5443
[000012d6] new env 000012d7
5449
[000012d7] new env 000012d8
5471
[000012d8] new env 000012d9
5477
[000012d9] new env 000012da
5479
[000012da] new env 000012db
5483
[000012db] new env 000012dc
5501
[000012dc] new env 000012dd
5503
[000012dd] new env 000012de
5507
[000012de] new env 000012df
5519
[000012df] new env 000012e0
5521
[000012e0] new env 000012e1
5527
[000012e1] new env 000012e2
5531
[000012e2] new env 000012e3
5557
[000012e3] new env 000012e4
5563
[000012e4] new env 000012e5
5569
[000012e5] new env 000012e6
5573
[000012e6] new env 000012e7
5581
[000012e7] new env 000012e8
5591
[000012e8] new env 000012e9
5623
[000012e9] new env 000012ea
5639
[000012ea] new env 000012eb
5641
[000012eb] new env 000012ec
5647
[000012ec] new env 000012ed
5651
[000012ed] new env 000012ee
5653
[000012ee] new env 000012ef
5657
[000012ef] new env 000012f0
5659
[000012f0] new env 000012f1
5669
[000012f1] new env 000012f2
5683
[000012f2] new env 000012f3
5689
[000012f3] new env 000012f4
5693
[000012f4] new env 000012f5
5701
[000012f5] new env 000012f6
5711
[000012f6] new env 000012f7
5717
[000012f7] new env 000012f8
5737
[000012f8] new env 000012f9
5741
[000012f9] new env 000012fa
5743
[000012fa] new env 000012fb
5749
[000012fb] new env 000012fc
5779
[000012fc] new env 000012fd
5783
[000012fd] new env 000012fe
5791
[000012fe] new env 000012ff
5801
[000012ff] new env 00001300
5807
[00001300] new env 00001301
5813
[00001301] new env 00001302
5821
[00001302] new env 00001303
5827
[00001303] new env 00001304
5839
[00001304] new env 00001305
5843
[00001305] new env 00001306
5849
[00001306] new env 00001307
5851
[00001307] new env 00001308
5857
[00001308] new env 00001309
5861
[00001309] new env 0000130a
5867
[0000130a] new env 0000130b
5869
[0000130b] new env 0000130c
5879
[0000130c] new env 0000130d
5881
[0000130d] new env 0000130e
5897
[0000130e] new env 0000130f
5903
[0000130f] new env 00001310
5923
[00001310] new env 00001311
5927
[00001311] new env 00001312
5939
[00001312] new env 00001313
5953
[00001313] new env 00001314
5981
[00001314] new env 00001315
5987
[00001315] new env 00001316
6007
[00001316] new env 00001317
6011
[00001317] new env 00001318
6029
[00001318] new env 00001319
6037
[00001319] new env 0000131a
6043
[0000131a] new env 0000131b
6047
[0000131b] new env 0000131c
6053
[0000131c] new env 0000131d
6067
[0000131d] new env 0000131e
6073
[0000131e] new env 0000131f
6079
[0000131f] new env 00001320
6089
[00001320] new env 00001321
6091
[00001321] new env 00001322
6101
[00001322] new env 00001323
6113
[00001323] new env 00001324
6121
[00001324] new env 00001325
6131
[00001325] new env 00001326
6133
[00001326] new env 00001327
6143
[00001327] new env 00001328
6151
[00001328] new env 00001329
6163
[00001329] new env 0000132a
6173
[0000132a] new env 0000132b
6197
[0000132b] new env 0000132c
6199
[0000132c] new env 0000132d
6203
[0000132d] new env 0000132e
6211
[0000132e] new env 0000132f
6217
[0000132f] new env 00001330
6221
[00001330] new env 00001331
6229
[00001331] new env 00001332
6247
[00001332] new env 00001333
6257
[00001333] new env 00001334
6263
[00001334] new env 00001335
6269
[00001335] new env 00001336
6271
[00001336] new env 00001337
6277
[00001337] new env 00001338
6287
[00001338] new env 00001339
6299
[00001339] new env 0000133a
6301
[0000133a] new env 0000133b
6311
[0000133b] new env 0000133c
6317
[0000133c] new env 0000133d
6323
[0000133d] new env 0000133e
6329
[0000133e] new env 0000133f
6337
[0000133f] new env 00001340
6343
[00001340] new env 00001341
6353
[00001341] new env 00001342
6359
[00001342] new env 00001343
6361
[00001343] new env 00001344
6367
[00001344] new env 00001345
6373
[00001345] new env 00001346
6379
[00001346] new env 00001347
6389
[00001347] new env 00001348
6397
[00001348] new env 00001349
6421
[00001349] new env 0000134a
6427
[0000134a] new env 0000134b
6449
[0000134b] new env 0000134c
6451
[0000134c] new env 0000134d
6469
[0000134d] new env 0000134e
6473
[0000134e] new env 0000134f
6481
[0000134f] new env 00001350
6491
[00001350] new env 00001351
6521
[00001351] new env 00001352
6529
[00001352] new env 00001353
6547
[00001353] new env 00001354
6551
[00001354] new env 00001355
6553
[00001355] new env 00001356
6563
[00001356] new env 00001357
6569
[00001357] new env 00001358
6571
[00001358] new env 00001359
6577
[00001359] new env 0000135a
6581
[0000135a] new env 0000135b
6599
[0000135b] new env 0000135c
6607
[0000135c] new env 0000135d
6619
[0000135d] new env 0000135e
6637
[0000135e] new env 0000135f
6653
[0000135f] new env 00001360
6659
[00001360] new env 00001361
6661
[00001361] new env 00001362
6673
[00001362] new env 00001363
6679
[00001363] new env 00001364
6689
[00001364] new env 00001365
6691
[00001365] new env 00001366
6701
[00001366] new env 00001367
6703
[00001367] new env 00001368
6709
[00001368] new env 00001369
6719
[00001369] new env 0000136a
6733
[0000136a] new env 0000136b
6737
[0000136b] new env 0000136c
6761
[0000136c] new env 0000136d
6763
[0000136d] new env 0000136e
6779
[0000136e] new env 0000136f
6781
[0000136f] new env 00001370
6791
[00001370] new env 00001371
6793
[00001371] new env 00001372
6803
[00001372] new env 00001373
6823
[00001373] new env 00001374
6827
[00001374] new env 00001375
6829
[00001375] new env 00001376
6833
[00001376] new env 00001377
6841
[00001377] new env 00001378
6857
[00001378] new env 00001379
6863
[00001379] new env 0000137a
6869
[0000137a] new env 0000137b
6871
[0000137b] new env 0000137c
6883
[0000137c] new env 0000137d
6899
[0000137d] new env 0000137e
6907
[0000137e] new env 0000137f
6911
[0000137f] new env 00001380
6917
[00001380] new env 00001381
6947
[00001381] new env 00001382
6949
[00001382] new env 00001383
6959
[00001383] new env 00001384
6961
[00001384] new env 00001385
6967
[00001385] new env 00001386
6971
[00001386] new env 00001387
6977
[00001387] new env 00001388
6983
[00001388] new env 00001389
6991
[00001389] new env 0000138a
6997
[0000138a] new env 0000138b
7001
[0000138b] new env 0000138c
7013
[0000138c] new env 0000138d
7019
[0000138d] new env 0000138e
7027
[0000138e] new env 0000138f
7039
[0000138f] new env 00001390
7043
[00001390] new env 00001391
7057
[00001391] new env 00001392
7069
[00001392] new env 00001393
7079
[00001393] new env 00001394
7103
[00001394] new env 00001395
7109
[00001395] new env 00001396
7121
[00001396] new env 00001397
7127
[00001397] new env 00001398
7129
[00001398] new env 00001399
7151
[00001399] new env 0000139a
7159
[0000139a] new env 0000139b
7177
[0000139b] new env 0000139c
7187
[0000139c] new env 0000139d
7193
[0000139d] new env 0000139e
7207
[0000139e] new env 0000139f
7211
[0000139f] new env 000013a0
7213
[000013a0] new env 000013a1
7219
[000013a1] new env 000013a2
7229
[000013a2] new env 000013a3
7237
[000013a3] new env 000013a4
7243
[000013a4] new env 000013a5
7247
[000013a5] new env 000013a6
7253
[000013a6] new env 000013a7
7283
[000013a7] new env 000013a8
7297
[000013a8] new env 000013a9
7307
[000013a9] new env 000013aa
7309
[000013aa] new env 000013ab
7321
[000013ab] new env 000013ac
7331
[000013ac] new env 000013ad
7333
[000013ad] new env 000013ae
7349
[000013ae] new env 000013af
7351
[000013af] new env 000013b0
7369
[000013b0] new env 000013b1
7393
[000013b1] new env 000013b2
7411
[000013b2] new env 000013b3
7417
[000013b3] new env 000013b4
7433
[000013b4] new env 000013b5
7451
[000013b5] new env 000013b6
7457
[000013b6] new env 000013b7
7459
[000013b7] new env 000013b8
7477
[000013b8] new env 000013b9
7481
[000013b9] new env 000013ba
7487
[000013ba] new env 000013bb
7489
[000013bb] new env 000013bc
7499
[000013bc] new env 000013bd
7507
[000013bd] new env 000013be
7517
[000013be] new env 000013bf
7523
[000013bf] new env 000013c0
7529
[000013c0] new env 000013c1
7537
[000013c1] new env 000013c2
7541
[000013c2] new env 000013c3
7547
[000013c3] new env 000013c4
7549
[000013c4] new env 000013c5
7559
[000013c5] new env 000013c6
7561
[000013c6] new env 000013c7
7573
[000013c7] new env 000013c8
7577
[000013c8] new env 000013c9
7583
[000013c9] new env 000013ca
7589
[000013ca] new env 000013cb
7591
[000013cb] new env 000013cc
7603
[000013cc] new env 000013cd
7607
[000013cd] new env 000013ce
7621
[000013ce] new env 000013cf
7639
[000013cf] new env 000013d0
7643
[000013d0] new env 000013d1
7649
[000013d1] new env 000013d2
7669
[000013d2] new env 000013d3
7673
[000013d3] new env 000013d4
7681
[000013d4] new env 000013d5
7687
[000013d5] new env 000013d6
7691
[000013d6] new env 000013d7
7699
[000013d7] new env 000013d8
7703
[000013d8] new env 000013d9
7717
[000013d9] new env 000013da
7723
[000013da] new env 000013db
7727
[000013db] new env 000013dc
7741
[000013dc] new env 000013dd
7753
[000013dd] new env 000013de
7757
[000013de] new env 000013df
7759
[000013df] new env 000013e0
7789
[000013e0] new env 000013e1
7793
[000013e1] new env 000013e2
7817
[000013e2] new env 000013e3
7823
[000013e3] new env 000013e4
7829
[000013e4] new env 000013e5
7841
[000013e5] new env 000013e6
7853
[000013e6] new env 000013e7
7867
[000013e7] new env 000013e8
7873
[000013e8] new env 000013e9
7877
[000013e9] new env 000013ea
7879
[000013ea] new env 000013eb
7883
[000013eb] new env 000013ec
7901
[000013ec] new env 000013ed
7907
[000013ed] new env 000013ee
7919
[000013ee] new env 000013ef
7927
[000013ef] new env 000013f0
7933
[000013f0] new env 000013f1
7937
[000013f1] new env 000013f2
7949
[000013f2] new env 000013f3
7951
[000013f3] new env 000013f4
7963
[000013f4] new env 000013f5
7993
[000013f5] new env 000013f6
8009
[000013f6] new env 000013f7
8011
[000013f7] new env 000013f8
8017
[000013f8] new env 000013f9
8039
[000013f9] new env 000013fa
8053
[000013fa] new env 000013fb
8059
[000013fb] new env 000013fc
8069
[000013fc] new env 000013fd
8081
[000013fd] new env 000013fe
8087
[000013fe] new env 000013ff
8089
primespipe: user panic in (PROGRAM NAME UNKNOWN) at user/primespipe.c:29: fork: out of environments
Welcome to the JOS kernel monitor!
Type 'help' for a list of commands.
TRAP frame at 0xf071ff84
  edi  0xeebfdf68
  esi  0xeebfdf70
  ebp  0xeebfdf40
  oesp 0xefbfffdc
  ebx  0xeebfdf54
  edx  0xeebfddf8
  ecx  0x00000001
  eax  0x00000001
  es   0x----0023
  ds   0x----0023
  trap 0x00000003 Breakpoint
  err  0x00000000
  eip  0x0080039e
  cs   0x----001b
  flag 0x00000292
  esp  0xeebfdf28
  ss   0x----0023
K> 